This is pdfTeX, Version 3.14159265-2.6-1.40.15 (TeX Live 2014) (preloaded format=latex 2015.4.24)  28 APR 2015 18:21
entering extended mode
 restricted \write18 enabled.
 %&-line parsing enabled.
**extensions.tex
(./extensions.tex
LaTeX2e <2014/05/01>
Babel <3.9k> and hyphenation patterns for 78 languages loaded.

! LaTeX Error: \usepackage before \documentclass.

See the LaTeX manual or LaTeX Companion for explanation.
Type  H <return>  for immediate help.
 ...                                              
                                                  
l.1 \usepackage[a4paper, dvips]{
                                geometry}
? 
! Emergency stop.
 ...                                              
                                                  
l.1 \usepackage[a4paper, dvips]{
                                geometry}
\usepackage may only appear in the document preamble, i.e.,
between \documentclass and \begin{document}.

 
Here is how much of TeX's memory you used:
 6 strings out of 493118
 281 string characters out of 6135459
 52906 words of memory out of 5000000
 3568 multiletter control sequences out of 15000+600000
 3640 words of font info for 14 fonts, out of 8000000 for 9000
 1141 hyphenation exceptions out of 8191
 5i,0n,5p,54b,14s stack positions out of 5000i,500n,10000p,200000b,80000s
No pages of output.
